[35m[Appium][39m Welcome to Appium v1.22.3
[35m[Appium][39m Non-default server args:
[35m[Appium][39m   port: 60072
[35m[Appium][39m   loglevel: info
[35m[Appium][39m   tmpDir: C:\Users\akile\AppData\Local\Temp\\Katalon\Appium\Temp1686565511882
[35m[Appium][39m   chromedriverPort: 60073
[35m[Appium][39m Deprecated server args:
[35m[Appium][39m   [31m--chromedriver-port[39m => --default-capabilities
[35m[Appium][39m Default capabilities, which will be added to each request unless overridden by desired capabilities:
[35m[Appium][39m   chromedriverPort: 60073
[35m[Appium][39m Appium REST http interface listener started on 0.0.0.0:60072
[35m[HTTP][39m [37m-->[39m [37mGET[39m [37m/wd/hub/status[39m
[35m[HTTP][39m [90m{}[39m
[35m[HTTP][39m [37m<-- GET /wd/hub/status [39m[32m200[39m [90m12 ms - 68[39m
[35m[HTTP][39m [90m[39m
[35m[HTTP][39m [37m-->[39m [37mGET[39m [37m/wd/hub/status[39m
[35m[HTTP][39m [90m{}[39m
[35m[HTTP][39m [37m<-- GET /wd/hub/status [39m[32m200[39m [90m3 ms - 68[39m
[35m[HTTP][39m [90m[39m
[35m[HTTP][39m [37m-->[39m [37mPOST[39m [37m/wd/hub/session[39m
[35m[HTTP][39m [90m{"desiredCapabilities":{"app":"C:\\Users\\akile\\Downloads\\SIT 7.2.7.0.6862.apk","noReset":true,"deviceId":"","deviceName":"OPPO CPH2223 (Android 13)","fullReset":false,"platform":"ANDROID","newCommandTimeout":1800,"platformVersion":"13","automationName":"uiautomator2","autoGrantPermissions":true,"platformName":"Android","udid":"b81ad6ff","systemPort":60081},"capabilities":{"firstMatch":[{"appium:app":"C:\\Users\\akile\\Downloads\\SIT 7.2.7.0.6862.apk","appium:autoGrantPermissions":true,"appium:automationName":"uiautomator2","deviceId":"","appium:deviceName":"OPPO CPH2223 (Android 13)","appium:fullReset":false,"appium:newCommandTimeout":1800,"appium:noReset":true,"platform":"ANDROID","platformName":"android","appium:platformVersion":"13","appium:systemPort":60081,"appium:udid":"b81ad6ff"}]}}[39m
[35m[BaseDriver][39m The following capabilities are not standard capabilities and should have an extension prefix:
[35m[BaseDriver][39m   deviceId
[35m[BaseDriver][39m   platform
[35m[BaseDriver][39m   chromedriverPort
[35m[Appium][39m Appium v1.22.3 creating new AndroidUiautomator2Driver (v1.70.1) session
[35m[BaseDriver][39m The following capabilities were provided, but are not recognized by Appium:
[35m[BaseDriver][39m   deviceId
[35m[BaseDriver][39m   platform
[35m[BaseDriver][39m Session created with session id: d32bf014-b972-497c-8ccf-6ec79a622833
[35m[BaseDriver][39m Using local app 'C:\Users\akile\Downloads\SIT 7.2.7.0.6862.apk'
[35m[ADB][39m Found 3 'build-tools' folders under 'C:\Users\akile\AppData\Local\Android\Sdk' (newest first):
[35m[ADB][39m     C:/Users/akile/AppData/Local/Android/Sdk/build-tools/34.0.0-rc2
[35m[ADB][39m     C:/Users/akile/AppData/Local/Android/Sdk/build-tools/33.0.0
[35m[ADB][39m     C:/Users/akile/AppData/Local/Android/Sdk/build-tools/30.0.3
[35m[ADB][39m Using 'adb.exe' from 'C:\Users\akile\AppData\Local\Android\Sdk\platform-tools\adb.exe'
[35m[AndroidDriver][39m Retrieving device list
[35m[AndroidDriver][39m Using device: b81ad6ff
[35m[ADB][39m Using 'adb.exe' from 'C:\Users\akile\AppData\Local\Android\Sdk\platform-tools\adb.exe'
[35m[ADB][39m Getting device platform version
[35m[UiAutomator2][39m Relaxing hidden api policy
[35m[UiAutomator2][39m Unable to remove system port forward: Error executing adbExec. Original error: 'Command 'C:\\Users\\akile\\AppData\\Local\\Android\\Sdk\\platform-tools\\adb.exe -P 5037 -s b81ad6ff forward --remove tcp\:60081' exited with code 1'; Command output: adb.exe: error: listener 'tcp:60081' not found
[35m[UiAutomator2][39m 
[35m[UiAutomator2][39m Restoring hidden api policy to the device default configuration
[35m[HTTP][39m [37m<-- POST /wd/hub/session [39m[31m500[39m [90m1345 ms - 10461[39m
[35m[HTTP][39m [90m[39m
